0 info it worked if it ends with ok
1 verbose cli [ '/usr/bin/node', '/usr/bin/npm', 'install', 'holderjs' ]
2 info using npm@1.4.3
3 info using node@v0.10.26
4 verbose node symlink /usr/bin/node
5 verbose readDependencies using package.json deps
6 verbose cache add [ 'holderjs', null ]
7 verbose cache add name=undefined spec="holderjs" args=["holderjs",null]
8 verbose parsed url { protocol: null,
8 verbose parsed url   slashes: null,
8 verbose parsed url   auth: null,
8 verbose parsed url   host: null,
8 verbose parsed url   port: null,
8 verbose parsed url   hostname: null,
8 verbose parsed url   hash: null,
8 verbose parsed url   search: null,
8 verbose parsed url   query: null,
8 verbose parsed url   pathname: 'holderjs',
8 verbose parsed url   path: 'holderjs',
8 verbose parsed url   href: 'holderjs' }
9 silly lockFile 63d45fc5-holderjs holderjs
10 verbose lock holderjs /home/frank/.npm/63d45fc5-holderjs.lock
11 silly lockFile 63d45fc5-holderjs holderjs
12 silly lockFile 63d45fc5-holderjs holderjs
13 verbose addNamed [ 'holderjs', '' ]
14 verbose addNamed [ null, '*' ]
15 silly lockFile 7943f287-holderjs holderjs@
16 verbose lock holderjs@ /home/frank/.npm/7943f287-holderjs.lock
17 silly addNameRange { name: 'holderjs', range: '*', hasData: false }
18 verbose url raw holderjs
19 verbose url resolving [ 'http://registry.npmjs.org/', './holderjs' ]
20 verbose url resolved http://registry.npmjs.org/holderjs
21 info trying registry request attempt 1 at 10:01:12
22 http GET http://registry.npmjs.org/holderjs
23 http 404 http://registry.npmjs.org/holderjs
24 silly registry.get cb [ 404,
24 silly registry.get   { server: 'CouchDB/1.5.0 (Erlang OTP/R16B)',
24 silly registry.get     'content-type': 'application/json',
24 silly registry.get     via: '1.1 varnish',
24 silly registry.get     'cache-control': 'max-age=0',
24 silly registry.get     'content-length': '52',
24 silly registry.get     'accept-ranges': 'bytes',
24 silly registry.get     date: 'Thu, 06 Mar 2014 15:01:12 GMT',
24 silly registry.get     age: '0',
24 silly registry.get     connection: 'keep-alive',
24 silly registry.get     'x-served-by': 'cache-v41-ASH, cache-jfk1032-JFK',
24 silly registry.get     'x-cache': 'MISS, MISS',
24 silly registry.get     'x-cache-hits': '0, 0',
24 silly registry.get     'x-timer': 'S1394118072.277367592,VS0,VS-220,VE-195,VE33' } ]
25 silly lockFile 7943f287-holderjs holderjs@
26 silly lockFile 7943f287-holderjs holderjs@
27 error 404 'holderjs' is not in the npm registry.
27 error 404 You should bug the author to publish it
27 error 404 It was specified as a dependency of 'application-name'
27 error 404
27 error 404 Note that you can also install from a
27 error 404 tarball, folder, or http url, or git url.
28 error System Linux 3.5.0-44-generic
29 error command "/usr/bin/node" "/usr/bin/npm" "install" "holderjs"
30 error cwd /home/frank/dev/gems_site/example/views
31 error node -v v0.10.26
32 error npm -v 1.4.3
33 error code E404
34 verbose exit [ 1, true ]
